::1 - - [02/Feb/2020:02:36:39 +0000] "GET / HTTP/1.1" 304 - "-" "Mozilla/5.0 (Windows NT 10.0; Win64; x64) AppleWebKit/537.36 (KHTML, like Gecko) Chrome/79.0.3945.130 Safari/537.36"
::1 - - [02/Feb/2020:02:36:39 +0000] "GET /stylesheets/style.css HTTP/1.1" 304 - "http://localhost:3001/" "Mozilla/5.0 (Windows NT 10.0; Win64; x64) AppleWebKit/537.36 (KHTML, like Gecko) Chrome/79.0.3945.130 Safari/537.36"
::1 - - [02/Feb/2020:03:30:20 +0000] "GET / HTTP/1.1" 304 - "-" "Mozilla/5.0 (Windows NT 10.0; Win64; x64) AppleWebKit/537.36 (KHTML, like Gecko) Chrome/79.0.3945.130 Safari/537.36"
::1 - - [02/Feb/2020:03:30:20 +0000] "GET /stylesheets/style.css HTTP/1.1" 304 - "http://localhost:3001/" "Mozilla/5.0 (Windows NT 10.0; Win64; x64) AppleWebKit/537.36 (KHTML, like Gecko) Chrome/79.0.3945.130 Safari/537.36"
::1 - - [02/Feb/2020:05:41:19 +0000] "GET / HTTP/1.1" 304 - "-" "Mozilla/5.0 (Windows NT 10.0; Win64; x64) AppleWebKit/537.36 (KHTML, like Gecko) Chrome/79.0.3945.130 Safari/537.36"
::1 - - [02/Feb/2020:05:41:19 +0000] "GET /stylesheets/style.css HTTP/1.1" 304 - "http://localhost:3001/" "Mozilla/5.0 (Windows NT 10.0; Win64; x64) AppleWebKit/537.36 (KHTML, like Gecko) Chrome/79.0.3945.130 Safari/537.36"
::1 - - [02/Feb/2020:05:41:24 +0000] "GET /board HTTP/1.1" 200 2 "-" "Mozilla/5.0 (Windows NT 10.0; Win64; x64) AppleWebKit/537.36 (KHTML, like Gecko) Chrome/79.0.3945.130 Safari/537.36"
::1 - - [02/Feb/2020:05:41:29 +0000] "GET /board/wr HTTP/1.1" 200 148 "-" "Mozilla/5.0 (Windows NT 10.0; Win64; x64) AppleWebKit/537.36 (KHTML, like Gecko) Chrome/79.0.3945.130 Safari/537.36"
::1 - - [02/Feb/2020:06:03:55 +0000] "GET / HTTP/1.1" 200 483 "-" "Mozilla/5.0 (Windows NT 10.0; Win64; x64) AppleWebKit/537.36 (KHTML, like Gecko) Chrome/79.0.3945.130 Safari/537.36"
::1 - - [02/Feb/2020:06:04:24 +0000] "GET /board HTTP/1.1" 200 480 "-" "Mozilla/5.0 (Windows NT 10.0; Win64; x64) AppleWebKit/537.36 (KHTML, like Gecko) Chrome/79.0.3945.130 Safari/537.36"
::1 - - [02/Feb/2020:06:04:30 +0000] "GET /board/write HTTP/1.1" 200 798 "-" "Mozilla/5.0 (Windows NT 10.0; Win64; x64) AppleWebKit/537.36 (KHTML, like Gecko) Chrome/79.0.3945.130 Safari/537.36"
::1 - - [02/Feb/2020:06:05:02 +0000] "GET /board/write HTTP/1.1" 200 827 "-" "Mozilla/5.0 (Windows NT 10.0; Win64; x64) AppleWebKit/537.36 (KHTML, like Gecko) Chrome/79.0.3945.130 Safari/537.36"
::1 - - [02/Feb/2020:06:05:12 +0000] "GET /board/write HTTP/1.1" 200 832 "-" "Mozilla/5.0 (Windows NT 10.0; Win64; x64) AppleWebKit/537.36 (KHTML, like Gecko) Chrome/79.0.3945.130 Safari/537.36"
::1 - - [02/Feb/2020:06:07:51 +0000] "GET /board/write HTTP/1.1" 304 - "-" "Mozilla/5.0 (Windows NT 10.0; Win64; x64) AppleWebKit/537.36 (KHTML, like Gecko) Chrome/79.0.3945.130 Safari/537.36"
::1 - - [02/Feb/2020:06:08:06 +0000] "POST /board/wr HTTP/1.1" 302 56 "http://localhost:3001/board/write" "Mozilla/5.0 (Windows NT 10.0; Win64; x64) AppleWebKit/537.36 (KHTML, like Gecko) Chrome/79.0.3945.130 Safari/537.36"
::1 - - [02/Feb/2020:06:08:06 +0000] "GET /board HTTP/1.1" 500 990 "http://localhost:3001/board/write" "Mozilla/5.0 (Windows NT 10.0; Win64; x64) AppleWebKit/537.36 (KHTML, like Gecko) Chrome/79.0.3945.130 Safari/537.36"
::1 - - [02/Feb/2020:06:10:32 +0000] "GET /board HTTP/1.1" 200 514 "-" "Mozilla/5.0 (Windows NT 10.0; Win64; x64) AppleWebKit/537.36 (KHTML, like Gecko) Chrome/79.0.3945.130 Safari/537.36"
::1 - - [02/Feb/2020:06:12:10 +0000] "GET /board HTTP/1.1" 500 3016 "-" "Mozilla/5.0 (Windows NT 10.0; Win64; x64) AppleWebKit/537.36 (KHTML, like Gecko) Chrome/79.0.3945.130 Safari/537.36"
::1 - - [02/Feb/2020:06:12:54 +0000] "GET /board HTTP/1.1" 200 651 "-" "Mozilla/5.0 (Windows NT 10.0; Win64; x64) AppleWebKit/537.36 (KHTML, like Gecko) Chrome/79.0.3945.130 Safari/537.36"
::1 - - [02/Feb/2020:06:13:18 +0000] "GET /board HTTP/1.1" 304 - "-" "Mozilla/5.0 (Windows NT 10.0; Win64; x64) AppleWebKit/537.36 (KHTML, like Gecko) Chrome/79.0.3945.130 Safari/537.36"
::1 - - [02/Feb/2020:06:14:57 +0000] "GET /board HTTP/1.1" 500 2270 "-" "Mozilla/5.0 (Windows NT 10.0; Win64; x64) AppleWebKit/537.36 (KHTML, like Gecko) Chrome/79.0.3945.130 Safari/537.36"
::1 - - [02/Feb/2020:06:17:19 +0000] "GET /board HTTP/1.1" 200 316 "-" "Mozilla/5.0 (Windows NT 10.0; Win64; x64) AppleWebKit/537.36 (KHTML, like Gecko) Chrome/79.0.3945.130 Safari/537.36"
::1 - - [02/Feb/2020:06:18:29 +0000] "GET /board HTTP/1.1" 500 2270 "-" "Mozilla/5.0 (Windows NT 10.0; Win64; x64) AppleWebKit/537.36 (KHTML, like Gecko) Chrome/79.0.3945.130 Safari/537.36"
::1 - - [02/Feb/2020:06:18:40 +0000] "GET /board HTTP/1.1" 500 2243 "-" "Mozilla/5.0 (Windows NT 10.0; Win64; x64) AppleWebKit/537.36 (KHTML, like Gecko) Chrome/79.0.3945.130 Safari/537.36"
::1 - - [02/Feb/2020:06:20:11 +0000] "GET /board HTTP/1.1" 200 1390 "-" "Mozilla/5.0 (Windows NT 10.0; Win64; x64) AppleWebKit/537.36 (KHTML, like Gecko) Chrome/79.0.3945.130 Safari/537.36"
::1 - - [02/Feb/2020:06:20:29 +0000] "GET /board HTTP/1.1" 200 731 "-" "Mozilla/5.0 (Windows NT 10.0; Win64; x64) AppleWebKit/537.36 (KHTML, like Gecko) Chrome/79.0.3945.130 Safari/537.36"
::1 - - [02/Feb/2020:06:29:19 +0000] "GET /board HTTP/1.1" 200 857 "-" "Mozilla/5.0 (Windows NT 10.0; Win64; x64) AppleWebKit/537.36 (KHTML, like Gecko) Chrome/79.0.3945.130 Safari/537.36"
::1 - - [02/Feb/2020:06:37:13 +0000] "GET /board HTTP/1.1" 304 - "-" "Mozilla/5.0 (Windows NT 10.0; Win64; x64) AppleWebKit/537.36 (KHTML, like Gecko) Chrome/79.0.3945.130 Safari/537.36"
::1 - - [02/Feb/2020:06:39:07 +0000] "GET /board HTTP/1.1" 304 - "-" "Mozilla/5.0 (Windows NT 10.0; Win64; x64) AppleWebKit/537.36 (KHTML, like Gecko) Chrome/79.0.3945.130 Safari/537.36"
::1 - - [02/Feb/2020:06:42:09 +0000] "GET /board HTTP/1.1" 304 - "-" "Mozilla/5.0 (Windows NT 10.0; Win64; x64) AppleWebKit/537.36 (KHTML, like Gecko) Chrome/79.0.3945.130 Safari/537.36"
::1 - - [02/Feb/2020:06:45:05 +0000] "GET /board HTTP/1.1" 200 316 "-" "Mozilla/5.0 (Windows NT 10.0; Win64; x64) AppleWebKit/537.36 (KHTML, like Gecko) Chrome/79.0.3945.130 Safari/537.36"
::1 - - [02/Feb/2020:06:47:25 +0000] "GET /board HTTP/1.1" 200 857 "-" "Mozilla/5.0 (Windows NT 10.0; Win64; x64) AppleWebKit/537.36 (KHTML, like Gecko) Chrome/79.0.3945.130 Safari/537.36"
::ffff:127.0.0.1 - - [02/Feb/2020:06:59:24 +0000] "GET /board HTTP/1.1" - - "-" "Mozilla/5.0 (Windows NT 10.0; Win64; x64) AppleWebKit/537.36 (KHTML, like Gecko) Chrome/79.0.3945.130 Safari/537.36"
::1 - - [02/Feb/2020:07:03:38 +0000] "GET /board HTTP/1.1" 304 - "-" "Mozilla/5.0 (Windows NT 10.0; Win64; x64) AppleWebKit/537.36 (KHTML, like Gecko) Chrome/79.0.3945.130 Safari/537.36"
::1 - - [02/Feb/2020:07:04:45 +0000] "GET /board HTTP/1.1" 200 805 "-" "Mozilla/5.0 (Windows NT 10.0; Win64; x64) AppleWebKit/537.36 (KHTML, like Gecko) Chrome/79.0.3945.130 Safari/537.36"
::1 - - [02/Feb/2020:07:06:26 +0000] "GET /board HTTP/1.1" 200 767 "-" "Mozilla/5.0 (Windows NT 10.0; Win64; x64) AppleWebKit/537.36 (KHTML, like Gecko) Chrome/79.0.3945.130 Safari/537.36"
::1 - - [02/Feb/2020:07:06:43 +0000] "GET /board HTTP/1.1" 200 857 "-" "Mozilla/5.0 (Windows NT 10.0; Win64; x64) AppleWebKit/537.36 (KHTML, like Gecko) Chrome/79.0.3945.130 Safari/537.36"
::1 - - [02/Feb/2020:07:07:03 +0000] "GET /board HTTP/1.1" 304 - "-" "Mozilla/5.0 (Windows NT 10.0; Win64; x64) AppleWebKit/537.36 (KHTML, like Gecko) Chrome/79.0.3945.130 Safari/537.36"
::1 - - [02/Feb/2020:07:07:11 +0000] "GET /board HTTP/1.1" 304 - "-" "Mozilla/5.0 (Windows NT 10.0; Win64; x64) AppleWebKit/537.36 (KHTML, like Gecko) Chrome/79.0.3945.130 Safari/537.36"
::1 - - [02/Feb/2020:07:07:24 +0000] "GET /board HTTP/1.1" 304 - "-" "Mozilla/5.0 (Windows NT 10.0; Win64; x64) AppleWebKit/537.36 (KHTML, like Gecko) Chrome/79.0.3945.130 Safari/537.36"
::1 - - [02/Feb/2020:07:09:41 +0000] "GET /board HTTP/1.1" 304 - "-" "Mozilla/5.0 (Windows NT 10.0; Win64; x64) AppleWebKit/537.36 (KHTML, like Gecko) Chrome/79.0.3945.130 Safari/537.36"
::1 - - [02/Feb/2020:07:10:40 +0000] "GET /board HTTP/1.1" 304 - "-" "Mozilla/5.0 (Windows NT 10.0; Win64; x64) AppleWebKit/537.36 (KHTML, like Gecko) Chrome/79.0.3945.130 Safari/537.36"
::ffff:127.0.0.1 - - [02/Feb/2020:07:11:46 +0000] "GET /board HTTP/1.1" 200 741 "-" "Mozilla/5.0 (Windows NT 10.0; Win64; x64) AppleWebKit/537.36 (KHTML, like Gecko) Chrome/79.0.3945.130 Safari/537.36"
::1 - - [02/Feb/2020:07:12:49 +0000] "GET /board HTTP/1.1" 304 - "-" "Mozilla/5.0 (Windows NT 10.0; Win64; x64) AppleWebKit/537.36 (KHTML, like Gecko) Chrome/79.0.3945.130 Safari/537.36"
::1 - - [02/Feb/2020:07:13:16 +0000] "GET /board HTTP/1.1" 200 857 "-" "Mozilla/5.0 (Windows NT 10.0; Win64; x64) AppleWebKit/537.36 (KHTML, like Gecko) Chrome/79.0.3945.130 Safari/537.36"
::1 - - [02/Feb/2020:07:13:39 +0000] "GET /board HTTP/1.1" 304 - "-" "Mozilla/5.0 (Windows NT 10.0; Win64; x64) AppleWebKit/537.36 (KHTML, like Gecko) Chrome/79.0.3945.130 Safari/537.36"
::1 - - [02/Feb/2020:07:14:18 +0000] "GET /board HTTP/1.1" 304 - "-" "Mozilla/5.0 (Windows NT 10.0; Win64; x64) AppleWebKit/537.36 (KHTML, like Gecko) Chrome/79.0.3945.130 Safari/537.36"
::1 - - [02/Feb/2020:07:16:15 +0000] "GET /board HTTP/1.1" 304 - "-" "Mozilla/5.0 (Windows NT 10.0; Win64; x64) AppleWebKit/537.36 (KHTML, like Gecko) Chrome/79.0.3945.130 Safari/537.36"
::1 - - [02/Feb/2020:07:16:18 +0000] "GET /board HTTP/1.1" 304 - "-" "Mozilla/5.0 (Windows NT 10.0; Win64; x64) AppleWebKit/537.36 (KHTML, like Gecko) Chrome/79.0.3945.130 Safari/537.36"
::1 - - [02/Feb/2020:07:16:45 +0000] "GET /board HTTP/1.1" 304 - "-" "Mozilla/5.0 (Windows NT 10.0; Win64; x64) AppleWebKit/537.36 (KHTML, like Gecko) Chrome/79.0.3945.130 Safari/537.36"
::1 - - [02/Feb/2020:07:17:26 +0000] "GET /board HTTP/1.1" 304 - "-" "Mozilla/5.0 (Windows NT 10.0; Win64; x64) AppleWebKit/537.36 (KHTML, like Gecko) Chrome/79.0.3945.130 Safari/537.36"
::1 - - [02/Feb/2020:07:18:22 +0000] "GET /board HTTP/1.1" 200 857 "-" "Mozilla/5.0 (Windows NT 10.0; Win64; x64) AppleWebKit/537.36 (KHTML, like Gecko) Chrome/79.0.3945.130 Safari/537.36"
::1 - - [02/Feb/2020:07:18:23 +0000] "GET /favicon.ico HTTP/1.1" 404 2654 "http://localhost:3001/board" "Mozilla/5.0 (Windows NT 10.0; Win64; x64) AppleWebKit/537.36 (KHTML, like Gecko) Chrome/79.0.3945.130 Safari/537.36"
::1 - - [02/Feb/2020:07:19:14 +0000] "GET /board HTTP/1.1" 304 - "-" "Mozilla/5.0 (Windows NT 10.0; Win64; x64) AppleWebKit/537.36 (KHTML, like Gecko) Chrome/79.0.3945.130 Safari/537.36"
::1 - - [02/Feb/2020:07:19:47 +0000] "GET /board HTTP/1.1" 200 805 "-" "Mozilla/5.0 (Windows NT 10.0; Win64; x64) AppleWebKit/537.36 (KHTML, like Gecko) Chrome/79.0.3945.130 Safari/537.36"
::1 - - [02/Feb/2020:07:24:03 +0000] "GET /board HTTP/1.1" 500 2249 "-" "Mozilla/5.0 (Windows NT 10.0; Win64; x64) AppleWebKit/537.36 (KHTML, like Gecko) Chrome/79.0.3945.130 Safari/537.36"
::1 - - [02/Feb/2020:07:24:21 +0000] "GET /board HTTP/1.1" 500 2247 "-" "Mozilla/5.0 (Windows NT 10.0; Win64; x64) AppleWebKit/537.36 (KHTML, like Gecko) Chrome/79.0.3945.130 Safari/537.36"
::1 - - [02/Feb/2020:07:24:24 +0000] "GET /board HTTP/1.1" 500 2247 "-" "Mozilla/5.0 (Windows NT 10.0; Win64; x64) AppleWebKit/537.36 (KHTML, like Gecko) Chrome/79.0.3945.130 Safari/537.36"
::ffff:127.0.0.1 - - [02/Feb/2020:07:25:06 +0000] "GET /board HTTP/1.1" - - "-" "Mozilla/5.0 (Windows NT 10.0; Win64; x64) AppleWebKit/537.36 (KHTML, like Gecko) Chrome/79.0.3945.130 Safari/537.36"
::ffff:127.0.0.1 - - [02/Feb/2020:07:26:38 +0000] "GET /board HTTP/1.1" 200 805 "-" "Mozilla/5.0 (Windows NT 10.0; Win64; x64) AppleWebKit/537.36 (KHTML, like Gecko) Chrome/79.0.3945.130 Safari/537.36"
::1 - - [02/Feb/2020:07:26:46 +0000] "GET /board HTTP/1.1" 304 - "-" "Mozilla/5.0 (Windows NT 10.0; Win64; x64) AppleWebKit/537.36 (KHTML, like Gecko) Chrome/79.0.3945.130 Safari/537.36"
::1 - - [02/Feb/2020:07:26:59 +0000] "GET /board HTTP/1.1" 304 - "-" "Mozilla/5.0 (Windows NT 10.0; Win64; x64) AppleWebKit/537.36 (KHTML, like Gecko) Chrome/79.0.3945.130 Safari/537.36"
::1 - - [02/Feb/2020:07:27:12 +0000] "GET /board HTTP/1.1" 200 805 "-" "Mozilla/5.0 (Windows NT 10.0; Win64; x64) AppleWebKit/537.36 (KHTML, like Gecko) Chrome/79.0.3945.130 Safari/537.36"
::1 - - [02/Feb/2020:07:27:13 +0000] "GET /favicon.ico HTTP/1.1" 404 2654 "http://localhost:3001/board" "Mozilla/5.0 (Windows NT 10.0; Win64; x64) AppleWebKit/537.36 (KHTML, like Gecko) Chrome/79.0.3945.130 Safari/537.36"
::1 - - [02/Feb/2020:07:27:37 +0000] "GET /board HTTP/1.1" 304 - "-" "Mozilla/5.0 (Windows NT 10.0; Win64; x64) AppleWebKit/537.36 (KHTML, like Gecko) Chrome/79.0.3945.130 Safari/537.36"
::1 - - [02/Feb/2020:07:27:40 +0000] "GET /board HTTP/1.1" 304 - "-" "Mozilla/5.0 (Windows NT 10.0; Win64; x64) AppleWebKit/537.36 (KHTML, like Gecko) Chrome/79.0.3945.130 Safari/537.36"
::1 - - [02/Feb/2020:07:27:44 +0000] "GET /board HTTP/1.1" 200 805 "-" "Mozilla/5.0 (Windows NT 10.0; Win64; x64) AppleWebKit/537.36 (KHTML, like Gecko) Chrome/79.0.3945.130 Safari/537.36"
::1 - - [02/Feb/2020:07:27:44 +0000] "GET /favicon.ico HTTP/1.1" 404 2654 "http://localhost:3001/board" "Mozilla/5.0 (Windows NT 10.0; Win64; x64) AppleWebKit/537.36 (KHTML, like Gecko) Chrome/79.0.3945.130 Safari/537.36"
::1 - - [02/Feb/2020:07:27:57 +0000] "GET /board HTTP/1.1" 304 - "-" "Mozilla/5.0 (Windows NT 10.0; Win64; x64) AppleWebKit/537.36 (KHTML, like Gecko) Chrome/79.0.3945.130 Safari/537.36"
::1 - - [02/Feb/2020:07:28:08 +0000] "GET /board HTTP/1.1" 304 - "-" "Mozilla/5.0 (Windows NT 10.0; Win64; x64) AppleWebKit/537.36 (KHTML, like Gecko) Chrome/79.0.3945.130 Safari/537.36"
::1 - - [02/Feb/2020:07:30:55 +0000] "GET /board HTTP/1.1" 304 - "-" "Mozilla/5.0 (Windows NT 10.0; Win64; x64) AppleWebKit/537.36 (KHTML, like Gecko) Chrome/79.0.3945.130 Safari/537.36"
::ffff:127.0.0.1 - - [02/Feb/2020:07:31:15 +0000] "GET /board HTTP/1.1" 304 - "-" "Mozilla/5.0 (Windows NT 10.0; Win64; x64) AppleWebKit/537.36 (KHTML, like Gecko) Chrome/79.0.3945.130 Safari/537.36"
::1 - - [02/Feb/2020:07:33:36 +0000] "GET /board HTTP/1.1" 500 3171 "-" "Mozilla/5.0 (Windows NT 10.0; Win64; x64) AppleWebKit/537.36 (KHTML, like Gecko) Chrome/79.0.3945.130 Safari/537.36"
::1 - - [02/Feb/2020:07:33:53 +0000] "GET /board HTTP/1.1" 200 1001 "-" "Mozilla/5.0 (Windows NT 10.0; Win64; x64) AppleWebKit/537.36 (KHTML, like Gecko) Chrome/79.0.3945.130 Safari/537.36"
::1 - - [02/Feb/2020:07:34:02 +0000] "GET /board HTTP/1.1" 200 1013 "-" "Mozilla/5.0 (Windows NT 10.0; Win64; x64) AppleWebKit/537.36 (KHTML, like Gecko) Chrome/79.0.3945.130 Safari/537.36"
::1 - - [02/Feb/2020:07:34:19 +0000] "GET /board HTTP/1.1" 200 1028 "-" "Mozilla/5.0 (Windows NT 10.0; Win64; x64) AppleWebKit/537.36 (KHTML, like Gecko) Chrome/79.0.3945.130 Safari/537.36"
::1 - - [02/Feb/2020:07:34:29 +0000] "GET /board HTTP/1.1" 200 1030 "-" "Mozilla/5.0 (Windows NT 10.0; Win64; x64) AppleWebKit/537.36 (KHTML, like Gecko) Chrome/79.0.3945.130 Safari/537.36"
::1 - - [02/Feb/2020:07:35:16 +0000] "GET /board HTTP/1.1" 304 - "-" "Mozilla/5.0 (Windows NT 10.0; Win64; x64) AppleWebKit/537.36 (KHTML, like Gecko) Chrome/79.0.3945.130 Safari/537.36"
::1 - - [02/Feb/2020:07:36:25 +0000] "GET /board HTTP/1.1" 304 - "-" "Mozilla/5.0 (Windows NT 10.0; Win64; x64) AppleWebKit/537.36 (KHTML, like Gecko) Chrome/79.0.3945.130 Safari/537.36"
::1 - - [02/Feb/2020:07:36:37 +0000] "GET /board HTTP/1.1" 304 - "-" "Mozilla/5.0 (Windows NT 10.0; Win64; x64) AppleWebKit/537.36 (KHTML, like Gecko) Chrome/79.0.3945.130 Safari/537.36"
::1 - - [02/Feb/2020:07:37:04 +0000] "GET /board HTTP/1.1" 304 - "-" "Mozilla/5.0 (Windows NT 10.0; Win64; x64) AppleWebKit/537.36 (KHTML, like Gecko) Chrome/79.0.3945.130 Safari/537.36"
::1 - - [02/Feb/2020:07:37:05 +0000] "GET /board/delete/2 HTTP/1.1" 200 1 "http://localhost:3001/board" "Mozilla/5.0 (Windows NT 10.0; Win64; x64) AppleWebKit/537.36 (KHTML, like Gecko) Chrome/79.0.3945.130 Safari/537.36"
::1 - - [02/Feb/2020:07:37:07 +0000] "GET /board/delete/2 HTTP/1.1" 200 1 "http://localhost:3001/board" "Mozilla/5.0 (Windows NT 10.0; Win64; x64) AppleWebKit/537.36 (KHTML, like Gecko) Chrome/79.0.3945.130 Safari/537.36"
::1 - - [02/Feb/2020:07:37:08 +0000] "GET /board/delete/2 HTTP/1.1" 304 - "http://localhost:3001/board" "Mozilla/5.0 (Windows NT 10.0; Win64; x64) AppleWebKit/537.36 (KHTML, like Gecko) Chrome/79.0.3945.130 Safari/537.36"
::1 - - [02/Feb/2020:07:37:11 +0000] "GET /board HTTP/1.1" 200 849 "-" "Mozilla/5.0 (Windows NT 10.0; Win64; x64) AppleWebKit/537.36 (KHTML, like Gecko) Chrome/79.0.3945.130 Safari/537.36"
::1 - - [02/Feb/2020:07:42:37 +0000] "GET /board HTTP/1.1" 200 1229 "-" "Mozilla/5.0 (Windows NT 10.0; Win64; x64) AppleWebKit/537.36 (KHTML, like Gecko) Chrome/79.0.3945.130 Safari/537.36"
::1 - - [02/Feb/2020:07:43:18 +0000] "GET /board HTTP/1.1" 200 1288 "-" "Mozilla/5.0 (Windows NT 10.0; Win64; x64) AppleWebKit/537.36 (KHTML, like Gecko) Chrome/79.0.3945.130 Safari/537.36"
::1 - - [02/Feb/2020:07:43:49 +0000] "GET /board HTTP/1.1" 200 1303 "-" "Mozilla/5.0 (Windows NT 10.0; Win64; x64) AppleWebKit/537.36 (KHTML, like Gecko) Chrome/79.0.3945.130 Safari/537.36"
::1 - - [02/Feb/2020:07:45:11 +0000] "GET /board HTTP/1.1" 500 2345 "-" "Mozilla/5.0 (Windows NT 10.0; Win64; x64) AppleWebKit/537.36 (KHTML, like Gecko) Chrome/79.0.3945.130 Safari/537.36"
::1 - - [02/Feb/2020:07:45:24 +0000] "GET /board HTTP/1.1" 200 1379 "-" "Mozilla/5.0 (Windows NT 10.0; Win64; x64) AppleWebKit/537.36 (KHTML, like Gecko) Chrome/79.0.3945.130 Safari/537.36"
::1 - - [02/Feb/2020:07:45:36 +0000] "GET /board/write HTTP/1.1" 304 - "http://localhost:3001/board" "Mozilla/5.0 (Windows NT 10.0; Win64; x64) AppleWebKit/537.36 (KHTML, like Gecko) Chrome/79.0.3945.130 Safari/537.36"
::1 - - [02/Feb/2020:07:45:45 +0000] "POST /board/wr HTTP/1.1" 302 56 "http://localhost:3001/board/write" "Mozilla/5.0 (Windows NT 10.0; Win64; x64) AppleWebKit/537.36 (KHTML, like Gecko) Chrome/79.0.3945.130 Safari/537.36"
::1 - - [02/Feb/2020:07:45:45 +0000] "GET /board HTTP/1.1" 200 1645 "http://localhost:3001/board/write" "Mozilla/5.0 (Windows NT 10.0; Win64; x64) AppleWebKit/537.36 (KHTML, like Gecko) Chrome/79.0.3945.130 Safari/537.36"
::1 - - [02/Feb/2020:07:45:47 +0000] "GET /board/write HTTP/1.1" 304 - "http://localhost:3001/board" "Mozilla/5.0 (Windows NT 10.0; Win64; x64) AppleWebKit/537.36 (KHTML, like Gecko) Chrome/79.0.3945.130 Safari/537.36"
::1 - - [02/Feb/2020:07:45:50 +0000] "POST /board/wr HTTP/1.1" 302 56 "http://localhost:3001/board/write" "Mozilla/5.0 (Windows NT 10.0; Win64; x64) AppleWebKit/537.36 (KHTML, like Gecko) Chrome/79.0.3945.130 Safari/537.36"
::1 - - [02/Feb/2020:07:45:50 +0000] "GET /board HTTP/1.1" 200 1903 "http://localhost:3001/board/write" "Mozilla/5.0 (Windows NT 10.0; Win64; x64) AppleWebKit/537.36 (KHTML, like Gecko) Chrome/79.0.3945.130 Safari/537.36"
::1 - - [02/Feb/2020:07:48:50 +0000] "GET /board HTTP/1.1" 304 - "http://localhost:3001/board/write" "Mozilla/5.0 (Windows NT 10.0; Win64; x64) AppleWebKit/537.36 (KHTML, like Gecko) Chrome/79.0.3945.130 Safari/537.36"
::ffff:127.0.0.1 - - [02/Feb/2020:07:51:20 +0000] "GET /board HTTP/1.1" - - "http://localhost:3001/board/write" "Mozilla/5.0 (Windows NT 10.0; Win64; x64) AppleWebKit/537.36 (KHTML, like Gecko) Chrome/79.0.3945.130 Safari/537.36"
::ffff:127.0.0.1 - - [02/Feb/2020:07:51:43 +0000] "GET /board HTTP/1.1" - - "http://localhost:3001/board/write" "Mozilla/5.0 (Windows NT 10.0; Win64; x64) AppleWebKit/537.36 (KHTML, like Gecko) Chrome/79.0.3945.130 Safari/537.36"
::1 - - [02/Feb/2020:07:52:17 +0000] "GET /board HTTP/1.1" 200 1903 "-" "Mozilla/5.0 (Windows NT 10.0; Win64; x64) AppleWebKit/537.36 (KHTML, like Gecko) Chrome/79.0.3945.130 Safari/537.36"
::ffff:127.0.0.1 - - [02/Feb/2020:07:53:58 +0000] "GET /board HTTP/1.1" - - "-" "Mozilla/5.0 (Windows NT 10.0; Win64; x64) AppleWebKit/537.36 (KHTML, like Gecko) Chrome/79.0.3945.130 Safari/537.36"
::1 - - [02/Feb/2020:07:54:30 +0000] "GET /board HTTP/1.1" 500 624 "-" "Mozilla/5.0 (Windows NT 10.0; Win64; x64) AppleWebKit/537.36 (KHTML, like Gecko) Chrome/79.0.3945.130 Safari/537.36"
::ffff:127.0.0.1 - - [02/Feb/2020:07:55:25 +0000] "GET /board HTTP/1.1" 200 1903 "-" "Mozilla/5.0 (Windows NT 10.0; Win64; x64) AppleWebKit/537.36 (KHTML, like Gecko) Chrome/79.0.3945.130 Safari/537.36"
::1 - - [02/Feb/2020:07:56:41 +0000] "GET /board HTTP/1.1" 304 - "-" "Mozilla/5.0 (Windows NT 10.0; Win64; x64) AppleWebKit/537.36 (KHTML, like Gecko) Chrome/79.0.3945.130 Safari/537.36"
::1 - - [02/Feb/2020:08:01:21 +0000] "GET /board HTTP/1.1" 200 1997 "-" "Mozilla/5.0 (Windows NT 10.0; Win64; x64) AppleWebKit/537.36 (KHTML, like Gecko) Chrome/79.0.3945.130 Safari/537.36"
::1 - - [02/Feb/2020:08:01:21 +0000] "GET /javascripts/axios.min.js HTTP/1.1" 200 13993 "http://localhost:3001/board" "Mozilla/5.0 (Windows NT 10.0; Win64; x64) AppleWebKit/537.36 (KHTML, like Gecko) Chrome/79.0.3945.130 Safari/537.36"
::1 - - [02/Feb/2020:08:01:21 +0000] "GET /javascripts/board.js HTTP/1.1" 200 187 "http://localhost:3001/board" "Mozilla/5.0 (Windows NT 10.0; Win64; x64) AppleWebKit/537.36 (KHTML, like Gecko) Chrome/79.0.3945.130 Safari/537.36"
::1 - - [02/Feb/2020:08:01:21 +0000] "GET /javascripts/axios.min.map HTTP/1.1" 404 2748 "-" "Mozilla/5.0 (Windows NT 10.0; Win64; x64) AppleWebKit/537.36 (KHTML, like Gecko) Chrome/79.0.3945.130 Safari/537.36"
::1 - - [02/Feb/2020:08:04:15 +0000] "GET /board HTTP/1.1" 304 - "-" "Mozilla/5.0 (Windows NT 10.0; Win64; x64) AppleWebKit/537.36 (KHTML, like Gecko) Chrome/79.0.3945.130 Safari/537.36"
::1 - - [02/Feb/2020:08:04:15 +0000] "GET /javascripts/axios.min.js HTTP/1.1" 304 - "http://localhost:3001/board" "Mozilla/5.0 (Windows NT 10.0; Win64; x64) AppleWebKit/537.36 (KHTML, like Gecko) Chrome/79.0.3945.130 Safari/537.36"
::1 - - [02/Feb/2020:08:04:15 +0000] "GET /javascripts/board.js HTTP/1.1" 304 - "http://localhost:3001/board" "Mozilla/5.0 (Windows NT 10.0; Win64; x64) AppleWebKit/537.36 (KHTML, like Gecko) Chrome/79.0.3945.130 Safari/537.36"
::1 - - [02/Feb/2020:08:04:16 +0000] "GET /javascripts/axios.min.map HTTP/1.1" 404 2748 "-" "Mozilla/5.0 (Windows NT 10.0; Win64; x64) AppleWebKit/537.36 (KHTML, like Gecko) Chrome/79.0.3945.130 Safari/537.36"
::1 - - [02/Feb/2020:08:04:33 +0000] "GET /board HTTP/1.1" 304 - "-" "Mozilla/5.0 (Windows NT 10.0; Win64; x64) AppleWebKit/537.36 (KHTML, like Gecko) Chrome/79.0.3945.130 Safari/537.36"
::1 - - [02/Feb/2020:08:04:33 +0000] "GET /javascripts/axios.min.js HTTP/1.1" 304 - "http://localhost:3001/board" "Mozilla/5.0 (Windows NT 10.0; Win64; x64) AppleWebKit/537.36 (KHTML, like Gecko) Chrome/79.0.3945.130 Safari/537.36"
::1 - - [02/Feb/2020:08:04:33 +0000] "GET /javascripts/board.js HTTP/1.1" 304 - "http://localhost:3001/board" "Mozilla/5.0 (Windows NT 10.0; Win64; x64) AppleWebKit/537.36 (KHTML, like Gecko) Chrome/79.0.3945.130 Safari/537.36"
::1 - - [02/Feb/2020:08:04:34 +0000] "GET /javascripts/axios.min.map HTTP/1.1" 404 2748 "-" "Mozilla/5.0 (Windows NT 10.0; Win64; x64) AppleWebKit/537.36 (KHTML, like Gecko) Chrome/79.0.3945.130 Safari/537.36"
::ffff:127.0.0.1 - - [02/Feb/2020:08:05:41 +0000] "GET /board HTTP/1.1" 304 - "-" "Mozilla/5.0 (Windows NT 10.0; Win64; x64) AppleWebKit/537.36 (KHTML, like Gecko) Chrome/79.0.3945.130 Safari/537.36"
::ffff:127.0.0.1 - - [02/Feb/2020:08:05:41 +0000] "GET /javascripts/axios.min.js HTTP/1.1" 304 - "http://localhost:3001/board" "Mozilla/5.0 (Windows NT 10.0; Win64; x64) AppleWebKit/537.36 (KHTML, like Gecko) Chrome/79.0.3945.130 Safari/537.36"
::ffff:127.0.0.1 - - [02/Feb/2020:08:05:41 +0000] "GET /javascripts/board.js HTTP/1.1" 304 - "http://localhost:3001/board" "Mozilla/5.0 (Windows NT 10.0; Win64; x64) AppleWebKit/537.36 (KHTML, like Gecko) Chrome/79.0.3945.130 Safari/537.36"
::ffff:127.0.0.1 - - [02/Feb/2020:08:05:41 +0000] "GET /javascripts/axios.min.map HTTP/1.1" 404 2748 "-" "Mozilla/5.0 (Windows NT 10.0; Win64; x64) AppleWebKit/537.36 (KHTML, like Gecko) Chrome/79.0.3945.130 Safari/537.36"
::1 - - [02/Feb/2020:08:05:48 +0000] "GET /board HTTP/1.1" 304 - "-" "Mozilla/5.0 (Windows NT 10.0; Win64; x64) AppleWebKit/537.36 (KHTML, like Gecko) Chrome/79.0.3945.130 Safari/537.36"
::1 - - [02/Feb/2020:08:05:48 +0000] "GET /javascripts/axios.min.js HTTP/1.1" 304 - "http://localhost:3001/board" "Mozilla/5.0 (Windows NT 10.0; Win64; x64) AppleWebKit/537.36 (KHTML, like Gecko) Chrome/79.0.3945.130 Safari/537.36"
::ffff:127.0.0.1 - - [02/Feb/2020:08:05:48 +0000] "GET /javascripts/board.js HTTP/1.1" 304 - "http://localhost:3001/board" "Mozilla/5.0 (Windows NT 10.0; Win64; x64) AppleWebKit/537.36 (KHTML, like Gecko) Chrome/79.0.3945.130 Safari/537.36"
::ffff:127.0.0.1 - - [02/Feb/2020:08:05:48 +0000] "GET /javascripts/axios.min.map HTTP/1.1" 404 2748 "-" "Mozilla/5.0 (Windows NT 10.0; Win64; x64) AppleWebKit/537.36 (KHTML, like Gecko) Chrome/79.0.3945.130 Safari/537.36"
::1 - - [02/Feb/2020:08:06:30 +0000] "GET /board/4 HTTP/1.1" 500 718 "http://localhost:3001/board" "Mozilla/5.0 (Windows NT 10.0; Win64; x64) AppleWebKit/537.36 (KHTML, like Gecko) Chrome/79.0.3945.130 Safari/537.36"
::1 - - [02/Feb/2020:08:07:03 +0000] "GET /board HTTP/1.1" 304 - "-" "Mozilla/5.0 (Windows NT 10.0; Win64; x64) AppleWebKit/537.36 (KHTML, like Gecko) Chrome/79.0.3945.130 Safari/537.36"
::1 - - [02/Feb/2020:08:07:04 +0000] "GET /javascripts/axios.min.js HTTP/1.1" 304 - "http://localhost:3001/board" "Mozilla/5.0 (Windows NT 10.0; Win64; x64) AppleWebKit/537.36 (KHTML, like Gecko) Chrome/79.0.3945.130 Safari/537.36"
::1 - - [02/Feb/2020:08:07:04 +0000] "GET /javascripts/board.js HTTP/1.1" 304 - "http://localhost:3001/board" "Mozilla/5.0 (Windows NT 10.0; Win64; x64) AppleWebKit/537.36 (KHTML, like Gecko) Chrome/79.0.3945.130 Safari/537.36"
::1 - - [02/Feb/2020:08:07:04 +0000] "GET /javascripts/axios.min.map HTTP/1.1" 404 2748 "-" "Mozilla/5.0 (Windows NT 10.0; Win64; x64) AppleWebKit/537.36 (KHTML, like Gecko) Chrome/79.0.3945.130 Safari/537.36"
::1 - - [02/Feb/2020:08:07:05 +0000] "GET /board/1 HTTP/1.1" 500 718 "http://localhost:3001/board" "Mozilla/5.0 (Windows NT 10.0; Win64; x64) AppleWebKit/537.36 (KHTML, like Gecko) Chrome/79.0.3945.130 Safari/537.36"
::1 - - [02/Feb/2020:08:07:33 +0000] "GET /board HTTP/1.1" 304 - "-" "Mozilla/5.0 (Windows NT 10.0; Win64; x64) AppleWebKit/537.36 (KHTML, like Gecko) Chrome/79.0.3945.130 Safari/537.36"
::1 - - [02/Feb/2020:08:07:33 +0000] "GET /javascripts/axios.min.js HTTP/1.1" 304 - "http://localhost:3001/board" "Mozilla/5.0 (Windows NT 10.0; Win64; x64) AppleWebKit/537.36 (KHTML, like Gecko) Chrome/79.0.3945.130 Safari/537.36"
::1 - - [02/Feb/2020:08:07:33 +0000] "GET /javascripts/board.js HTTP/1.1" 200 219 "http://localhost:3001/board" "Mozilla/5.0 (Windows NT 10.0; Win64; x64) AppleWebKit/537.36 (KHTML, like Gecko) Chrome/79.0.3945.130 Safari/537.36"
::1 - - [02/Feb/2020:08:07:33 +0000] "GET /javascripts/axios.min.map HTTP/1.1" 404 2748 "-" "Mozilla/5.0 (Windows NT 10.0; Win64; x64) AppleWebKit/537.36 (KHTML, like Gecko) Chrome/79.0.3945.130 Safari/537.36"
::1 - - [02/Feb/2020:08:07:34 +0000] "GET /board/4 HTTP/1.1" 500 718 "http://localhost:3001/board" "Mozilla/5.0 (Windows NT 10.0; Win64; x64) AppleWebKit/537.36 (KHTML, like Gecko) Chrome/79.0.3945.130 Safari/537.36"
::1 - - [02/Feb/2020:08:08:43 +0000] "GET /board HTTP/1.1" 304 - "-" "Mozilla/5.0 (Windows NT 10.0; Win64; x64) AppleWebKit/537.36 (KHTML, like Gecko) Chrome/79.0.3945.130 Safari/537.36"
::1 - - [02/Feb/2020:08:08:43 +0000] "GET /javascripts/axios.min.js HTTP/1.1" 304 - "http://localhost:3001/board" "Mozilla/5.0 (Windows NT 10.0; Win64; x64) AppleWebKit/537.36 (KHTML, like Gecko) Chrome/79.0.3945.130 Safari/537.36"
::1 - - [02/Feb/2020:08:08:43 +0000] "GET /javascripts/board.js HTTP/1.1" 304 - "http://localhost:3001/board" "Mozilla/5.0 (Windows NT 10.0; Win64; x64) AppleWebKit/537.36 (KHTML, like Gecko) Chrome/79.0.3945.130 Safari/537.36"
::1 - - [02/Feb/2020:08:08:44 +0000] "GET /javascripts/axios.min.map HTTP/1.1" 404 2748 "-" "Mozilla/5.0 (Windows NT 10.0; Win64; x64) AppleWebKit/537.36 (KHTML, like Gecko) Chrome/79.0.3945.130 Safari/537.36"
::1 - - [02/Feb/2020:08:09:21 +0000] "GET /board/4 HTTP/1.1" 500 718 "http://localhost:3001/board" "Mozilla/5.0 (Windows NT 10.0; Win64; x64) AppleWebKit/537.36 (KHTML, like Gecko) Chrome/79.0.3945.130 Safari/537.36"
::1 - - [02/Feb/2020:08:11:49 +0000] "GET /board HTTP/1.1" 304 - "-" "Mozilla/5.0 (Windows NT 10.0; Win64; x64) AppleWebKit/537.36 (KHTML, like Gecko) Chrome/79.0.3945.130 Safari/537.36"
::1 - - [02/Feb/2020:08:11:49 +0000] "GET /javascripts/axios.min.js HTTP/1.1" 304 - "http://localhost:3001/board" "Mozilla/5.0 (Windows NT 10.0; Win64; x64) AppleWebKit/537.36 (KHTML, like Gecko) Chrome/79.0.3945.130 Safari/537.36"
::1 - - [02/Feb/2020:08:11:49 +0000] "GET /javascripts/board.js HTTP/1.1" 200 204 "http://localhost:3001/board" "Mozilla/5.0 (Windows NT 10.0; Win64; x64) AppleWebKit/537.36 (KHTML, like Gecko) Chrome/79.0.3945.130 Safari/537.36"
::1 - - [02/Feb/2020:08:11:49 +0000] "GET /javascripts/axios.min.map HTTP/1.1" 404 2748 "-" "Mozilla/5.0 (Windows NT 10.0; Win64; x64) AppleWebKit/537.36 (KHTML, like Gecko) Chrome/79.0.3945.130 Safari/537.36"
::1 - - [02/Feb/2020:08:11:50 +0000] "GET /board/4 HTTP/1.1" 500 718 "http://localhost:3001/board" "Mozilla/5.0 (Windows NT 10.0; Win64; x64) AppleWebKit/537.36 (KHTML, like Gecko) Chrome/79.0.3945.130 Safari/537.36"
::1 - - [02/Feb/2020:08:12:15 +0000] "GET /board HTTP/1.1" 304 - "-" "Mozilla/5.0 (Windows NT 10.0; Win64; x64) AppleWebKit/537.36 (KHTML, like Gecko) Chrome/79.0.3945.130 Safari/537.36"
::1 - - [02/Feb/2020:08:12:15 +0000] "GET /javascripts/axios.min.js HTTP/1.1" 304 - "http://localhost:3001/board" "Mozilla/5.0 (Windows NT 10.0; Win64; x64) AppleWebKit/537.36 (KHTML, like Gecko) Chrome/79.0.3945.130 Safari/537.36"
::1 - - [02/Feb/2020:08:12:15 +0000] "GET /javascripts/board.js HTTP/1.1" 200 205 "http://localhost:3001/board" "Mozilla/5.0 (Windows NT 10.0; Win64; x64) AppleWebKit/537.36 (KHTML, like Gecko) Chrome/79.0.3945.130 Safari/537.36"
::1 - - [02/Feb/2020:08:12:16 +0000] "GET /javascripts/axios.min.map HTTP/1.1" 404 2748 "-" "Mozilla/5.0 (Windows NT 10.0; Win64; x64) AppleWebKit/537.36 (KHTML, like Gecko) Chrome/79.0.3945.130 Safari/537.36"
::1 - - [02/Feb/2020:08:12:17 +0000] "GET /board/4 HTTP/1.1" 500 718 "http://localhost:3001/board" "Mozilla/5.0 (Windows NT 10.0; Win64; x64) AppleWebKit/537.36 (KHTML, like Gecko) Chrome/79.0.3945.130 Safari/537.36"
::1 - - [02/Feb/2020:08:13:56 +0000] "GET /board HTTP/1.1" 200 2005 "-" "Mozilla/5.0 (Windows NT 10.0; Win64; x64) AppleWebKit/537.36 (KHTML, like Gecko) Chrome/79.0.3945.130 Safari/537.36"
::1 - - [02/Feb/2020:08:13:56 +0000] "GET /javascripts/axios.min.js HTTP/1.1" 304 - "http://localhost:3001/board" "Mozilla/5.0 (Windows NT 10.0; Win64; x64) AppleWebKit/537.36 (KHTML, like Gecko) Chrome/79.0.3945.130 Safari/537.36"
::1 - - [02/Feb/2020:08:13:56 +0000] "GET /javascripts/board.js HTTP/1.1" 200 450 "http://localhost:3001/board" "Mozilla/5.0 (Windows NT 10.0; Win64; x64) AppleWebKit/537.36 (KHTML, like Gecko) Chrome/79.0.3945.130 Safari/537.36"
::1 - - [02/Feb/2020:08:13:57 +0000] "GET /javascripts/axios.min.map HTTP/1.1" 404 2748 "-" "Mozilla/5.0 (Windows NT 10.0; Win64; x64) AppleWebKit/537.36 (KHTML, like Gecko) Chrome/79.0.3945.130 Safari/537.36"
::1 - - [02/Feb/2020:08:13:58 +0000] "GET /board/4 HTTP/1.1" 500 718 "http://localhost:3001/board" "Mozilla/5.0 (Windows NT 10.0; Win64; x64) AppleWebKit/537.36 (KHTML, like Gecko) Chrome/79.0.3945.130 Safari/537.36"
::1 - - [02/Feb/2020:08:14:39 +0000] "GET /board HTTP/1.1" 304 - "-" "Mozilla/5.0 (Windows NT 10.0; Win64; x64) AppleWebKit/537.36 (KHTML, like Gecko) Chrome/79.0.3945.130 Safari/537.36"
::1 - - [02/Feb/2020:08:14:39 +0000] "GET /javascripts/axios.min.js HTTP/1.1" 304 - "http://localhost:3001/board" "Mozilla/5.0 (Windows NT 10.0; Win64; x64) AppleWebKit/537.36 (KHTML, like Gecko) Chrome/79.0.3945.130 Safari/537.36"
::1 - - [02/Feb/2020:08:14:39 +0000] "GET /javascripts/board.js HTTP/1.1" 200 454 "http://localhost:3001/board" "Mozilla/5.0 (Windows NT 10.0; Win64; x64) AppleWebKit/537.36 (KHTML, like Gecko) Chrome/79.0.3945.130 Safari/537.36"
::1 - - [02/Feb/2020:08:14:40 +0000] "GET /javascripts/axios.min.map HTTP/1.1" 404 2748 "-" "Mozilla/5.0 (Windows NT 10.0; Win64; x64) AppleWebKit/537.36 (KHTML, like Gecko) Chrome/79.0.3945.130 Safari/537.36"
::1 - - [02/Feb/2020:08:14:40 +0000] "GET /board/4 HTTP/1.1" 500 718 "http://localhost:3001/board" "Mozilla/5.0 (Windows NT 10.0; Win64; x64) AppleWebKit/537.36 (KHTML, like Gecko) Chrome/79.0.3945.130 Safari/537.36"
::ffff:127.0.0.1 - - [02/Feb/2020:08:15:26 +0000] "GET /board HTTP/1.1" 304 - "-" "Mozilla/5.0 (Windows NT 10.0; Win64; x64) AppleWebKit/537.36 (KHTML, like Gecko) Chrome/79.0.3945.130 Safari/537.36"
::ffff:127.0.0.1 - - [02/Feb/2020:08:15:26 +0000] "GET /javascripts/axios.min.js HTTP/1.1" 304 - "http://localhost:3001/board" "Mozilla/5.0 (Windows NT 10.0; Win64; x64) AppleWebKit/537.36 (KHTML, like Gecko) Chrome/79.0.3945.130 Safari/537.36"
::ffff:127.0.0.1 - - [02/Feb/2020:08:15:26 +0000] "GET /javascripts/board.js HTTP/1.1" 304 - "http://localhost:3001/board" "Mozilla/5.0 (Windows NT 10.0; Win64; x64) AppleWebKit/537.36 (KHTML, like Gecko) Chrome/79.0.3945.130 Safari/537.36"
::ffff:127.0.0.1 - - [02/Feb/2020:08:15:26 +0000] "GET /javascripts/axios.min.map HTTP/1.1" 404 2748 "-" "Mozilla/5.0 (Windows NT 10.0; Win64; x64) AppleWebKit/537.36 (KHTML, like Gecko) Chrome/79.0.3945.130 Safari/537.36"
::ffff:127.0.0.1 - - [02/Feb/2020:08:15:27 +0000] "GET /board/4 HTTP/1.1" 200 151 "http://localhost:3001/board" "Mozilla/5.0 (Windows NT 10.0; Win64; x64) AppleWebKit/537.36 (KHTML, like Gecko) Chrome/79.0.3945.130 Safari/537.36"
::ffff:127.0.0.1 - - [02/Feb/2020:08:15:31 +0000] "GET /board/3 HTTP/1.1" 200 169 "http://localhost:3001/board" "Mozilla/5.0 (Windows NT 10.0; Win64; x64) AppleWebKit/537.36 (KHTML, like Gecko) Chrome/79.0.3945.130 Safari/537.36"
::ffff:127.0.0.1 - - [02/Feb/2020:08:15:32 +0000] "GET /board/1 HTTP/1.1" 200 159 "http://localhost:3001/board" "Mozilla/5.0 (Windows NT 10.0; Win64; x64) AppleWebKit/537.36 (KHTML, like Gecko) Chrome/79.0.3945.130 Safari/537.36"
::1 - - [02/Feb/2020:08:15:53 +0000] "GET /board/write HTTP/1.1" 200 4 "http://localhost:3001/board" "Mozilla/5.0 (Windows NT 10.0; Win64; x64) AppleWebKit/537.36 (KHTML, like Gecko) Chrome/79.0.3945.130 Safari/537.36"
::1 - - [02/Feb/2020:08:15:55 +0000] "GET /javascripts/axios.min.map HTTP/1.1" 404 2748 "-" "Mozilla/5.0 (Windows NT 10.0; Win64; x64) AppleWebKit/537.36 (KHTML, like Gecko) Chrome/79.0.3945.130 Safari/537.36"
::1 - - [02/Feb/2020:08:18:02 +0000] "GET /board HTTP/1.1" 304 - "-" "Mozilla/5.0 (Windows NT 10.0; Win64; x64) AppleWebKit/537.36 (KHTML, like Gecko) Chrome/79.0.3945.130 Safari/537.36"
::1 - - [02/Feb/2020:08:18:02 +0000] "GET /javascripts/axios.min.js HTTP/1.1" 304 - "http://localhost:3001/board" "Mozilla/5.0 (Windows NT 10.0; Win64; x64) AppleWebKit/537.36 (KHTML, like Gecko) Chrome/79.0.3945.130 Safari/537.36"
::1 - - [02/Feb/2020:08:18:02 +0000] "GET /javascripts/board.js HTTP/1.1" 304 - "http://localhost:3001/board" "Mozilla/5.0 (Windows NT 10.0; Win64; x64) AppleWebKit/537.36 (KHTML, like Gecko) Chrome/79.0.3945.130 Safari/537.36"
::1 - - [02/Feb/2020:08:18:02 +0000] "GET /javascripts/axios.min.map HTTP/1.1" 404 2748 "-" "Mozilla/5.0 (Windows NT 10.0; Win64; x64) AppleWebKit/537.36 (KHTML, like Gecko) Chrome/79.0.3945.130 Safari/537.36"
::1 - - [02/Feb/2020:08:18:04 +0000] "GET /board/write HTTP/1.1" 200 926 "http://localhost:3001/board" "Mozilla/5.0 (Windows NT 10.0; Win64; x64) AppleWebKit/537.36 (KHTML, like Gecko) Chrome/79.0.3945.130 Safari/537.36"
::1 - - [02/Feb/2020:08:18:04 +0000] "GET /javascripts/board.js HTTP/1.1" 304 - "http://localhost:3001/board/write" "Mozilla/5.0 (Windows NT 10.0; Win64; x64) AppleWebKit/537.36 (KHTML, like Gecko) Chrome/79.0.3945.130 Safari/537.36"
::1 - - [02/Feb/2020:08:18:04 +0000] "GET /javascripts/axios.min.js HTTP/1.1" 304 - "http://localhost:3001/board/write" "Mozilla/5.0 (Windows NT 10.0; Win64; x64) AppleWebKit/537.36 (KHTML, like Gecko) Chrome/79.0.3945.130 Safari/537.36"
::1 - - [02/Feb/2020:08:18:04 +0000] "GET /javascripts/axios.min.map HTTP/1.1" 404 2748 "-" "Mozilla/5.0 (Windows NT 10.0; Win64; x64) AppleWebKit/537.36 (KHTML, like Gecko) Chrome/79.0.3945.130 Safari/537.36"
::1 - - [02/Feb/2020:08:18:06 +0000] "GET /javascripts/axios.min.map HTTP/1.1" 404 2748 "-" "Mozilla/5.0 (Windows NT 10.0; Win64; x64) AppleWebKit/537.36 (KHTML, like Gecko) Chrome/79.0.3945.130 Safari/537.36"
::1 - - [02/Feb/2020:08:19:23 +0000] "GET /board HTTP/1.1" 304 - "-" "Mozilla/5.0 (Windows NT 10.0; Win64; x64) AppleWebKit/537.36 (KHTML, like Gecko) Chrome/79.0.3945.130 Safari/537.36"
::1 - - [02/Feb/2020:08:19:23 +0000] "GET /javascripts/axios.min.js HTTP/1.1" 304 - "http://localhost:3001/board" "Mozilla/5.0 (Windows NT 10.0; Win64; x64) AppleWebKit/537.36 (KHTML, like Gecko) Chrome/79.0.3945.130 Safari/537.36"
::ffff:127.0.0.1 - - [02/Feb/2020:08:19:23 +0000] "GET /javascripts/board.js HTTP/1.1" 304 - "http://localhost:3001/board" "Mozilla/5.0 (Windows NT 10.0; Win64; x64) AppleWebKit/537.36 (KHTML, like Gecko) Chrome/79.0.3945.130 Safari/537.36"
::ffff:127.0.0.1 - - [02/Feb/2020:08:19:23 +0000] "GET /javascripts/axios.min.map HTTP/1.1" 404 2748 "-" "Mozilla/5.0 (Windows NT 10.0; Win64; x64) AppleWebKit/537.36 (KHTML, like Gecko) Chrome/79.0.3945.130 Safari/537.36"
::ffff:127.0.0.1 - - [02/Feb/2020:08:19:24 +0000] "GET /board/4 HTTP/1.1" 304 - "http://localhost:3001/board" "Mozilla/5.0 (Windows NT 10.0; Win64; x64) AppleWebKit/537.36 (KHTML, like Gecko) Chrome/79.0.3945.130 Safari/537.36"
::ffff:127.0.0.1 - - [02/Feb/2020:08:19:26 +0000] "PUT /board/update HTTP/1.1" 200 4 "http://localhost:3001/board" "Mozilla/5.0 (Windows NT 10.0; Win64; x64) AppleWebKit/537.36 (KHTML, like Gecko) Chrome/79.0.3945.130 Safari/537.36"
